Analysis & Synthesis report for hangmangame
Mon Mar 27 20:45:48 2017
Quartus Prime Version 16.1.1 Build 200 11/30/2016 SJ Lite Edition


---------------------
; Table of Contents ;
---------------------
  1. Legal Notice
  2. Analysis & Synthesis Summary
  3. Analysis & Synthesis Settings
  4. Parallel Compilation
  5. Analysis & Synthesis Source Files Read
  6. Analysis & Synthesis Resource Usage Summary
  7. Analysis & Synthesis Resource Utilization by Entity
  8. State Machine - |hangmangame|current_state
  9. State Machine - |hangmangame|next_command
 10. State Machine - |hangmangame|state
 11. Registers Removed During Synthesis
 12. Removed Registers Triggering Further Register Optimizations
 13. General Register Statistics
 14. Inverted Register Statistics
 15. Multiplexer Restructuring Statistics (Restructuring Performed)
 16. Port Connectivity Checks: "sevenLight:lightcountnum"
 17. Port Connectivity Checks: "sevenLight:lightnum"
 18. Port Connectivity Checks: "sevenLight:light6"
 19. Post-Synthesis Netlist Statistics for Top Partition
 20. Elapsed Time Per Partition
 21. Analysis & Synthesis Messages



----------------
; Legal Notice ;
----------------
Copyright (C) 2016  Intel Corporation. All rights reserved.
Your use of Intel Corporation's design tools, logic functions 
and other software and tools, and its AMPP partner logic 
functions, and any output files from any of the foregoing 
(including device programming or simulation files), and any 
associated documentation or information are expressly subject 
to the terms and conditions of the Intel Program License 
Subscription Agreement, the Intel Quartus Prime License Agreement,
the Intel MegaCore Function License Agreement, or other 
applicable license agreement, including, without limitation, 
that your use is for the sole purpose of programming logic 
devices manufactured by Intel and sold by Intel or its 
authorized distributors.  Please refer to the applicable 
agreement for further details.



+----------------------------------------------------------------------------------+
; Analysis & Synthesis Summary                                                     ;
+------------------------------------+---------------------------------------------+
; Analysis & Synthesis Status        ; Successful - Mon Mar 27 20:45:48 2017       ;
; Quartus Prime Version              ; 16.1.1 Build 200 11/30/2016 SJ Lite Edition ;
; Revision Name                      ; hangmangame                                 ;
; Top-level Entity Name              ; hangmangame                                 ;
; Family                             ; Cyclone IV E                                ;
; Total logic elements               ; 757                                         ;
;     Total combinational functions  ; 743                                         ;
;     Dedicated logic registers      ; 372                                         ;
; Total registers                    ; 372                                         ;
; Total pins                         ; 117                                         ;
; Total virtual pins                 ; 0                                           ;
; Total memory bits                  ; 0                                           ;
; Embedded Multiplier 9-bit elements ; 0                                           ;
; Total PLLs                         ; 0                                           ;
+------------------------------------+---------------------------------------------+


+----------------------------------------------------------------------------------------------------------------------+
; Analysis & Synthesis Settings                                                                                        ;
+----------------------------------------------------------------------------+--------------------+--------------------+
; Option                                                                     ; Setting            ; Default Value      ;
+----------------------------------------------------------------------------+--------------------+--------------------+
; Device                                                                     ; EP4CE115F29C7      ;                    ;
; Top-level entity name                                                      ; hangmangame        ; hangmangame        ;
; Family name                                                                ; Cyclone IV E       ; Cyclone V          ;
; Use smart compilation                                                      ; Off                ; Off                ;
; Enable parallel Assembler and TimeQuest Timing Analyzer during compilation ; On                 ; On                 ;
; Enable compact report table                                                ; Off                ; Off                ;
; Restructure Multiplexers                                                   ; Auto               ; Auto               ;
; Create Debugging Nodes for IP Cores                                        ; Off                ; Off                ;
; Preserve fewer node names                                                  ; On                 ; On                 ;
; OpenCore Plus hardware evaluation                                          ; Enable             ; Enable             ;
; Verilog Version                                                            ; Verilog_2001       ; Verilog_2001       ;
; VHDL Version                                                               ; VHDL_1993          ; VHDL_1993          ;
; State Machine Processing                                                   ; Auto               ; Auto               ;
; Safe State Machine                                                         ; Off                ; Off                ;
; Extract Verilog State Machines                                             ; On                 ; On                 ;
; Extract VHDL State Machines                                                ; On                 ; On                 ;
; Ignore Verilog initial constructs                                          ; Off                ; Off                ;
; Iteration limit for constant Verilog loops                                 ; 5000               ; 5000               ;
; Iteration limit for non-constant Verilog loops                             ; 250                ; 250                ;
; Add Pass-Through Logic to Inferred RAMs                                    ; On                 ; On                 ;
; Infer RAMs from Raw Logic                                                  ; On                 ; On                 ;
; Parallel Synthesis                                                         ; On                 ; On                 ;
; DSP Block Balancing                                                        ; Auto               ; Auto               ;
; NOT Gate Push-Back                                                         ; On                 ; On                 ;
; Power-Up Don't Care                                                        ; On                 ; On                 ;
; Remove Redundant Logic Cells                                               ; Off                ; Off                ;
; Remove Duplicate Registers                                                 ; On                 ; On                 ;
; Ignore CARRY Buffers                                                       ; Off                ; Off                ;
; Ignore CASCADE Buffers                                                     ; Off                ; Off                ;
; Ignore GLOBAL Buffers                                                      ; Off                ; Off                ;
; Ignore ROW GLOBAL Buffers                                                  ; Off                ; Off                ;
; Ignore LCELL Buffers                                                       ; Off                ; Off                ;
; Ignore SOFT Buffers                                                        ; On                 ; On                 ;
; Limit AHDL Integers to 32 Bits                                             ; Off                ; Off                ;
; Optimization Technique                                                     ; Balanced           ; Balanced           ;
; Carry Chain Length                                                         ; 70                 ; 70                 ;
; Auto Carry Chains                                                          ; On                 ; On                 ;
; Auto Open-Drain Pins                                                       ; On                 ; On                 ;
; Perform WYSIWYG Primitive Resynthesis                                      ; Off                ; Off                ;
; Auto ROM Replacement                                                       ; On                 ; On                 ;
; Auto RAM Replacement                                                       ; On                 ; On                 ;
; Auto DSP Block Replacement                                                 ; On                 ; On                 ;
; Auto Shift Register Replacement                                            ; Auto               ; Auto               ;
; Allow Shift Register Merging across Hierarchies                            ; Auto               ; Auto               ;
; Auto Clock Enable Replacement                                              ; On                 ; On                 ;
; Strict RAM Replacement                                                     ; Off                ; Off                ;
; Allow Synchronous Control Signals                                          ; On                 ; On                 ;
; Force Use of Synchronous Clear Signals                                     ; Off                ; Off                ;
; Auto RAM Block Balancing                                                   ; On                 ; On                 ;
; Auto RAM to Logic Cell Conversion                                          ; Off                ; Off                ;
; Auto Resource Sharing                                                      ; Off                ; Off                ;
; Allow Any RAM Size For Recognition                                         ; Off                ; Off                ;
; Allow Any ROM Size For Recognition                                         ; Off                ; Off                ;
; Allow Any Shift Register Size For Recognition                              ; Off                ; Off                ;
; Use LogicLock Constraints during Resource Balancing                        ; On                 ; On                 ;
; Ignore translate_off and synthesis_off directives                          ; Off                ; Off                ;
; Timing-Driven Synthesis                                                    ; On                 ; On                 ;
; Report Parameter Settings                                                  ; On                 ; On                 ;
; Report Source Assignments                                                  ; On                 ; On                 ;
; Report Connectivity Checks                                                 ; On                 ; On                 ;
; Ignore Maximum Fan-Out Assignments                                         ; Off                ; Off                ;
; Synchronization Register Chain Length                                      ; 2                  ; 2                  ;
; PowerPlay Power Optimization During Synthesis                              ; Normal compilation ; Normal compilation ;
; HDL message level                                                          ; Level2             ; Level2             ;
; Suppress Register Optimization Related Messages                            ; Off                ; Off                ;
; Number of Removed Registers Reported in Synthesis Report                   ; 5000               ; 5000               ;
; Number of Swept Nodes Reported in Synthesis Report                         ; 5000               ; 5000               ;
; Number of Inverted Registers Reported in Synthesis Report                  ; 100                ; 100                ;
; Clock MUX Protection                                                       ; On                 ; On                 ;
; Auto Gated Clock Conversion                                                ; Off                ; Off                ;
; Block Design Naming                                                        ; Auto               ; Auto               ;
; SDC constraint protection                                                  ; Off                ; Off                ;
; Synthesis Effort                                                           ; Auto               ; Auto               ;
; Shift Register Replacement - Allow Asynchronous Clear Signal               ; On                 ; On                 ;
; Pre-Mapping Resynthesis Optimization                                       ; Off                ; Off                ;
; Analysis & Synthesis Message Level                                         ; Medium             ; Medium             ;
; Disable Register Merging Across Hierarchies                                ; Auto               ; Auto               ;
; Resource Aware Inference For Block RAM                                     ; On                 ; On                 ;
+----------------------------------------------------------------------------+--------------------+--------------------+


+------------------------------------------+
; Parallel Compilation                     ;
+----------------------------+-------------+
; Processors                 ; Number      ;
+----------------------------+-------------+
; Number detected on machine ; 8           ;
; Maximum allowed            ; 4           ;
;                            ;             ;
; Average used               ; 1.00        ;
; Maximum used               ; 4           ;
;                            ;             ;
; Usage by Processor         ; % Time Used ;
;     Processor 1            ; 100.0%      ;
;     Processors 2-4         ;   0.0%      ;
+----------------------------+-------------+


+----------------------------------------------------------------------------------------------------------------------------------------------------------+
; Analysis & Synthesis Source Files Read                                                                                                                   ;
+----------------------------------+-----------------+-----------------+-------------------------------------------------------------------------+---------+
; File Name with User-Entered Path ; Used in Netlist ; File Type       ; File Name with Absolute Path                                            ; Library ;
+----------------------------------+-----------------+-----------------+-------------------------------------------------------------------------+---------+
; hangmangame.vhd                  ; yes             ; User VHDL File  ; H:/My Documents/Desktop/VHDL project(revised)/project/hangmangame.vhd   ;         ;
; shiftreg50bit.vhd                ; yes             ; User VHDL File  ; H:/My Documents/Desktop/VHDL project(revised)/project/shiftreg50bit.vhd ;         ;
; sevenLight.vhd                   ; yes             ; User VHDL File  ; H:/My Documents/Desktop/VHDL project(revised)/project/sevenLight.vhd    ;         ;
; alphabet.vhd                     ; yes             ; User VHDL File  ; H:/My Documents/Desktop/VHDL project(revised)/project/alphabet.vhd      ;         ;
+----------------------------------+-----------------+-----------------+-------------------------------------------------------------------------+---------+


+-----------------------------------------------------+
; Analysis & Synthesis Resource Usage Summary         ;
+---------------------------------------------+-------+
; Resource                                    ; Usage ;
+---------------------------------------------+-------+
; Estimated Total logic elements              ; 757   ;
;                                             ;       ;
; Total combinational functions               ; 743   ;
; Logic element usage by number of LUT inputs ;       ;
;     -- 4 input functions                    ; 317   ;
;     -- 3 input functions                    ; 163   ;
;     -- <=2 input functions                  ; 263   ;
;                                             ;       ;
; Logic elements by mode                      ;       ;
;     -- normal mode                          ; 651   ;
;     -- arithmetic mode                      ; 92    ;
;                                             ;       ;
; Total registers                             ; 372   ;
;     -- Dedicated logic registers            ; 372   ;
;     -- I/O registers                        ; 0     ;
;                                             ;       ;
; I/O pins                                    ; 117   ;
;                                             ;       ;
; Embedded Multiplier 9-bit elements          ; 0     ;
;                                             ;       ;
; Maximum fan-out node                        ; clk0  ;
; Maximum fan-out                             ; 193   ;
; Total fan-out                               ; 3739  ;
; Average fan-out                             ; 2.76  ;
+---------------------------------------------+-------+


+---------------------------------------------------------------------------------------------------------------------------------------------------------------------------------------------------------------------------------+
; Analysis & Synthesis Resource Utilization by Entity                                                                                                                                                                             ;
+-------------------------------+---------------------+---------------------------+-------------+--------------+---------+-----------+------+--------------+---------------------------------------+---------------+--------------+
; Compilation Hierarchy Node    ; Combinational ALUTs ; Dedicated Logic Registers ; Memory Bits ; DSP Elements ; DSP 9x9 ; DSP 18x18 ; Pins ; Virtual Pins ; Full Hierarchy Name                   ; Entity Name   ; Library Name ;
+-------------------------------+---------------------+---------------------------+-------------+--------------+---------+-----------+------+--------------+---------------------------------------+---------------+--------------+
; |hangmangame                  ; 743 (394)           ; 372 (180)                 ; 0           ; 0            ; 0       ; 0         ; 117  ; 0            ; |hangmangame                          ; hangmangame   ; work         ;
;    |alphabet:letter0|         ; 3 (3)               ; 0 (0)                     ; 0           ; 0            ; 0       ; 0         ; 0    ; 0            ; |hangmangame|alphabet:letter0         ; alphabet      ; work         ;
;    |alphabet:letter1|         ; 3 (3)               ; 0 (0)                     ; 0           ; 0            ; 0       ; 0         ; 0    ; 0            ; |hangmangame|alphabet:letter1         ; alphabet      ; work         ;
;    |alphabet:letter2|         ; 6 (6)               ; 0 (0)                     ; 0           ; 0            ; 0       ; 0         ; 0    ; 0            ; |hangmangame|alphabet:letter2         ; alphabet      ; work         ;
;    |alphabet:letter3|         ; 6 (6)               ; 0 (0)                     ; 0           ; 0            ; 0       ; 0         ; 0    ; 0            ; |hangmangame|alphabet:letter3         ; alphabet      ; work         ;
;    |alphabet:letter4|         ; 3 (3)               ; 0 (0)                     ; 0           ; 0            ; 0       ; 0         ; 0    ; 0            ; |hangmangame|alphabet:letter4         ; alphabet      ; work         ;
;    |alphabet:letter5|         ; 3 (3)               ; 0 (0)                     ; 0           ; 0            ; 0       ; 0         ; 0    ; 0            ; |hangmangame|alphabet:letter5         ; alphabet      ; work         ;
;    |alphabet:letter6|         ; 6 (6)               ; 0 (0)                     ; 0           ; 0            ; 0       ; 0         ; 0    ; 0            ; |hangmangame|alphabet:letter6         ; alphabet      ; work         ;
;    |alphabet:letter7|         ; 6 (6)               ; 0 (0)                     ; 0           ; 0            ; 0       ; 0         ; 0    ; 0            ; |hangmangame|alphabet:letter7         ; alphabet      ; work         ;
;    |alphabet:letter8|         ; 3 (3)               ; 0 (0)                     ; 0           ; 0            ; 0       ; 0         ; 0    ; 0            ; |hangmangame|alphabet:letter8         ; alphabet      ; work         ;
;    |alphabet:letter9|         ; 3 (3)               ; 0 (0)                     ; 0           ; 0            ; 0       ; 0         ; 0    ; 0            ; |hangmangame|alphabet:letter9         ; alphabet      ; work         ;
;    |sevenLight:light1|        ; 14 (14)             ; 0 (0)                     ; 0           ; 0            ; 0       ; 0         ; 0    ; 0            ; |hangmangame|sevenLight:light1        ; sevenLight    ; work         ;
;    |sevenLight:light2|        ; 14 (14)             ; 0 (0)                     ; 0           ; 0            ; 0       ; 0         ; 0    ; 0            ; |hangmangame|sevenLight:light2        ; sevenLight    ; work         ;
;    |sevenLight:light3|        ; 14 (14)             ; 0 (0)                     ; 0           ; 0            ; 0       ; 0         ; 0    ; 0            ; |hangmangame|sevenLight:light3        ; sevenLight    ; work         ;
;    |sevenLight:light4|        ; 14 (14)             ; 0 (0)                     ; 0           ; 0            ; 0       ; 0         ; 0    ; 0            ; |hangmangame|sevenLight:light4        ; sevenLight    ; work         ;
;    |sevenLight:light5|        ; 14 (14)             ; 0 (0)                     ; 0           ; 0            ; 0       ; 0         ; 0    ; 0            ; |hangmangame|sevenLight:light5        ; sevenLight    ; work         ;
;    |sevenLight:light6|        ; 7 (7)               ; 0 (0)                     ; 0           ; 0            ; 0       ; 0         ; 0    ; 0            ; |hangmangame|sevenLight:light6        ; sevenLight    ; work         ;
;    |sevenLight:lightcountnum| ; 7 (7)               ; 0 (0)                     ; 0           ; 0            ; 0       ; 0         ; 0    ; 0            ; |hangmangame|sevenLight:lightcountnum ; sevenLight    ; work         ;
;    |sevenLight:lightnum|      ; 7 (7)               ; 0 (0)                     ; 0           ; 0            ; 0       ; 0         ; 0    ; 0            ; |hangmangame|sevenLight:lightnum      ; sevenLight    ; work         ;
;    |shiftreg50bit:shift0|     ; 216 (216)           ; 192 (192)                 ; 0           ; 0            ; 0       ; 0         ; 0    ; 0            ; |hangmangame|shiftreg50bit:shift0     ; shiftreg50bit ; work         ;
+-------------------------------+---------------------+---------------------------+-------------+--------------+---------+-----------+------+--------------+---------------------------------------+---------------+--------------+
Note: For table entries with two numbers listed, the numbers in parentheses indicate the number of resources of the given type used by the specific entity alone. The numbers listed outside of parentheses indicate the total resources of the given type used by the specific entity and all of its sub-entities in the hierarchy.


Encoding Type:  One-Hot
+----------------------------------------------------------------------------------------------------------+
; State Machine - |hangmangame|current_state                                                               ;
+---------------------+--------------------+---------------------+---------------------+-------------------+
; Name                ; current_state.DONE ; current_state.GUESS ; current_state.INPUT ; current_state.SET ;
+---------------------+--------------------+---------------------+---------------------+-------------------+
; current_state.SET   ; 0                  ; 0                   ; 0                   ; 0                 ;
; current_state.INPUT ; 0                  ; 0                   ; 1                   ; 1                 ;
; current_state.GUESS ; 0                  ; 1                   ; 0                   ; 1                 ;
; current_state.DONE  ; 1                  ; 0                   ; 0                   ; 1                 ;
+---------------------+--------------------+---------------------+---------------------+-------------------+


Encoding Type:  One-Hot
+--------------------------------------------------------------------------------------------------------------------------------------------------------------------------------------------------------------------------------------------------------------------------------------------------------------------------------------+
; State Machine - |hangmangame|next_command                                                                                                                                                                                                                                                                                            ;
+----------------------------+----------------------------+--------------------------+---------------------+---------------------+---------------------+-------------------------+--------------------------+--------------------+---------------------------+-----------------------+-------------------------+-----------------------+
; Name                       ; next_command.display_clear ; next_command.display_off ; next_command.reset3 ; next_command.reset2 ; next_command.reset1 ; next_command.drop_lcd_e ; next_command.return_home ; next_command.line2 ; next_command.print_string ; next_command.mode_set ; next_command.display_on ; next_command.func_set ;
+----------------------------+----------------------------+--------------------------+---------------------+---------------------+---------------------+-------------------------+--------------------------+--------------------+---------------------------+-----------------------+-------------------------+-----------------------+
; next_command.func_set      ; 0                          ; 0                        ; 0                   ; 0                   ; 0                   ; 0                       ; 0                        ; 0                  ; 0                         ; 0                     ; 0                       ; 0                     ;
; next_command.display_on    ; 0                          ; 0                        ; 0                   ; 0                   ; 0                   ; 0                       ; 0                        ; 0                  ; 0                         ; 0                     ; 1                       ; 1                     ;
; next_command.mode_set      ; 0                          ; 0                        ; 0                   ; 0                   ; 0                   ; 0                       ; 0                        ; 0                  ; 0                         ; 1                     ; 0                       ; 1                     ;
; next_command.print_string  ; 0                          ; 0                        ; 0                   ; 0                   ; 0                   ; 0                       ; 0                        ; 0                  ; 1                         ; 0                     ; 0                       ; 1                     ;
; next_command.line2         ; 0                          ; 0                        ; 0                   ; 0                   ; 0                   ; 0                       ; 0                        ; 1                  ; 0                         ; 0                     ; 0                       ; 1                     ;
; next_command.return_home   ; 0                          ; 0                        ; 0                   ; 0                   ; 0                   ; 0                       ; 1                        ; 0                  ; 0                         ; 0                     ; 0                       ; 1                     ;
; next_command.drop_lcd_e    ; 0                          ; 0                        ; 0                   ; 0                   ; 0                   ; 1                       ; 0                        ; 0                  ; 0                         ; 0                     ; 0                       ; 1                     ;
; next_command.reset1        ; 0                          ; 0                        ; 0                   ; 0                   ; 1                   ; 0                       ; 0                        ; 0                  ; 0                         ; 0                     ; 0                       ; 1                     ;
; next_command.reset2        ; 0                          ; 0                        ; 0                   ; 1                   ; 0                   ; 0                       ; 0                        ; 0                  ; 0                         ; 0                     ; 0                       ; 1                     ;
; next_command.reset3        ; 0                          ; 0                        ; 1                   ; 0                   ; 0                   ; 0                       ; 0                        ; 0                  ; 0                         ; 0                     ; 0                       ; 1                     ;
; next_command.display_off   ; 0                          ; 1                        ; 0                   ; 0                   ; 0                   ; 0                       ; 0                        ; 0                  ; 0                         ; 0                     ; 0                       ; 1                     ;
; next_command.display_clear ; 1                          ; 0                        ; 0                   ; 0                   ; 0                   ; 0                       ; 0                        ; 0                  ; 0                         ; 0                     ; 0                       ; 1                     ;
+----------------------------+----------------------------+--------------------------+---------------------+---------------------+---------------------+-------------------------+--------------------------+--------------------+---------------------------+-----------------------+-------------------------+-----------------------+


Encoding Type:  One-Hot
+-------------------------------------------------------------------------------------------------------------------------------------------------------------------------------------------------------------------------------------------+
; State Machine - |hangmangame|state                                                                                                                                                                                                        ;
+---------------------+---------------------+-------------------+--------------+--------------+--------------+------------------+-------------------+-------------+--------------------+----------------+------------------+----------------+
; Name                ; state.display_clear ; state.display_off ; state.reset3 ; state.reset2 ; state.reset1 ; state.drop_lcd_e ; state.return_home ; state.line2 ; state.print_string ; state.mode_set ; state.display_on ; state.func_set ;
+---------------------+---------------------+-------------------+--------------+--------------+--------------+------------------+-------------------+-------------+--------------------+----------------+------------------+----------------+
; state.func_set      ; 0                   ; 0                 ; 0            ; 0            ; 0            ; 0                ; 0                 ; 0           ; 0                  ; 0              ; 0                ; 0              ;
; state.display_on    ; 0                   ; 0                 ; 0            ; 0            ; 0            ; 0                ; 0                 ; 0           ; 0                  ; 0              ; 1                ; 1              ;
; state.mode_set      ; 0                   ; 0                 ; 0            ; 0            ; 0            ; 0                ; 0                 ; 0           ; 0                  ; 1              ; 0                ; 1              ;
; state.print_string  ; 0                   ; 0                 ; 0            ; 0            ; 0            ; 0                ; 0                 ; 0           ; 1                  ; 0              ; 0                ; 1              ;
; state.line2         ; 0                   ; 0                 ; 0            ; 0            ; 0            ; 0                ; 0                 ; 1           ; 0                  ; 0              ; 0                ; 1              ;
; state.return_home   ; 0                   ; 0                 ; 0            ; 0            ; 0            ; 0                ; 1                 ; 0           ; 0                  ; 0              ; 0                ; 1              ;
; state.drop_lcd_e    ; 0                   ; 0                 ; 0            ; 0            ; 0            ; 1                ; 0                 ; 0           ; 0                  ; 0              ; 0                ; 1              ;
; state.reset1        ; 0                   ; 0                 ; 0            ; 0            ; 1            ; 0                ; 0                 ; 0           ; 0                  ; 0              ; 0                ; 1              ;
; state.reset2        ; 0                   ; 0                 ; 0            ; 1            ; 0            ; 0                ; 0                 ; 0           ; 0                  ; 0              ; 0                ; 1              ;
; state.reset3        ; 0                   ; 0                 ; 1            ; 0            ; 0            ; 0                ; 0                 ; 0           ; 0                  ; 0              ; 0                ; 1              ;
; state.display_off   ; 0                   ; 1                 ; 0            ; 0            ; 0            ; 0                ; 0                 ; 0           ; 0                  ; 0              ; 0                ; 1              ;
; state.display_clear ; 1                   ; 0                 ; 0            ; 0            ; 0            ; 0                ; 0                 ; 0           ; 0                  ; 0              ; 0                ; 1              ;
+---------------------+---------------------+-------------------+--------------+--------------+--------------+------------------+-------------------+-------------+--------------------+----------------+------------------+----------------+


+---------------------------------------------------------------------------------+
; Registers Removed During Synthesis                                              ;
+----------------------------------------+----------------------------------------+
; Register name                          ; Reason for Removal                     ;
+----------------------------------------+----------------------------------------+
; LEDG[8]~reg0                           ; Stuck at GND due to stuck port data_in ;
; LEDG[7]~reg0                           ; Stuck at GND due to stuck port data_in ;
; LEDG[6]~reg0                           ; Stuck at GND due to stuck port data_in ;
; LEDG[5]~reg0                           ; Stuck at GND due to stuck port data_in ;
; LEDG[4]~reg0                           ; Stuck at GND due to stuck port data_in ;
; lcd_on~reg0                            ; Stuck at VCC due to stuck port data_in ;
; lcd_blon~reg0                          ; Stuck at VCC due to stuck port data_in ;
; lcd_rw_int                             ; Stuck at GND due to stuck port data_in ;
; next_char[7]                           ; Stuck at GND due to stuck port data_in ;
; next_command.drop_lcd_e                ; Stuck at GND due to stuck port data_in ;
; next_command.reset1                    ; Stuck at GND due to stuck port data_in ;
; state.reset1                           ; Stuck at GND due to stuck port data_in ;
; next_command.reset2                    ; Stuck at GND due to stuck port data_in ;
; state.reset2                           ; Stuck at GND due to stuck port data_in ;
; next_command.reset3                    ; Stuck at GND due to stuck port data_in ;
; state.reset3                           ; Stuck at GND due to stuck port data_in ;
; Total Number of Removed Registers = 16 ;                                        ;
+----------------------------------------+----------------------------------------+


+--------------------------------------------------------------------------------------------------------------------------------------+
; Removed Registers Triggering Further Register Optimizations                                                                          ;
+---------------------+---------------------------+------------------------------------------------------------------------------------+
; Register name       ; Reason for Removal        ; Registers Removed due to This Register                                             ;
+---------------------+---------------------------+------------------------------------------------------------------------------------+
; next_command.reset1 ; Stuck at GND              ; state.reset1, next_command.reset2, state.reset2, next_command.reset3, state.reset3 ;
;                     ; due to stuck port data_in ;                                                                                    ;
+---------------------+---------------------------+------------------------------------------------------------------------------------+


+------------------------------------------------------+
; General Register Statistics                          ;
+----------------------------------------------+-------+
; Statistic                                    ; Value ;
+----------------------------------------------+-------+
; Total registers                              ; 372   ;
; Number of registers using Synchronous Clear  ; 115   ;
; Number of registers using Synchronous Load   ; 50    ;
; Number of registers using Asynchronous Clear ; 4     ;
; Number of registers using Asynchronous Load  ; 0     ;
; Number of registers using Clock Enable       ; 302   ;
; Number of registers using Preset             ; 0     ;
+----------------------------------------------+-------+


+--------------------------------------------------+
; Inverted Register Statistics                     ;
+----------------------------------------+---------+
; Inverted Register                      ; Fan out ;
+----------------------------------------+---------+
; count[0]                               ; 2       ;
; Total number of inverted registers = 1 ;         ;
+----------------------------------------+---------+


+-------------------------------------------------------------------------------------------------------------------------------------------------------------+
; Multiplexer Restructuring Statistics (Restructuring Performed)                                                                                              ;
+--------------------+-----------+---------------+----------------------+------------------------+------------+-----------------------------------------------+
; Multiplexer Inputs ; Bus Width ; Baseline Area ; Area if Restructured ; Saving if Restructured ; Registered ; Example Multiplexer Output                    ;
+--------------------+-----------+---------------+----------------------+------------------------+------------+-----------------------------------------------+
; 3:1                ; 4 bits    ; 8 LEs         ; 4 LEs                ; 4 LEs                  ; Yes        ; |hangmangame|shiftreg50bit:shift0|fail_num[2] ;
; 3:1                ; 4 bits    ; 8 LEs         ; 4 LEs                ; 4 LEs                  ; Yes        ; |hangmangame|shiftreg50bit:shift0|hit[1]      ;
; 3:1                ; 45 bits   ; 90 LEs        ; 45 LEs               ; 45 LEs                 ; Yes        ; |hangmangame|shiftreg50bit:shift0|regval0[10] ;
; 3:1                ; 50 bits   ; 100 LEs       ; 50 LEs               ; 50 LEs                 ; Yes        ; |hangmangame|shiftreg50bit:shift0|answer[3]   ;
; 3:1                ; 50 bits   ; 100 LEs       ; 100 LEs              ; 0 LEs                  ; Yes        ; |hangmangame|qc[18]                           ;
; 4:1                ; 45 bits   ; 90 LEs        ; 90 LEs               ; 0 LEs                  ; Yes        ; |hangmangame|shiftreg50bit:shift0|regval[24]  ;
; 4:1                ; 5 bits    ; 10 LEs        ; 10 LEs               ; 0 LEs                  ; Yes        ; |hangmangame|shiftreg50bit:shift0|regval0[45] ;
; 4:1                ; 32 bits   ; 64 LEs        ; 32 LEs               ; 32 LEs                 ; Yes        ; |hangmangame|shiftreg50bit:shift0|count[9]    ;
; 5:1                ; 5 bits    ; 15 LEs        ; 10 LEs               ; 5 LEs                  ; Yes        ; |hangmangame|shiftreg50bit:shift0|regval[48]  ;
; 6:1                ; 4 bits    ; 16 LEs        ; 4 LEs                ; 12 LEs                 ; Yes        ; |hangmangame|count_word[1]                    ;
; 5:1                ; 2 bits    ; 6 LEs         ; 6 LEs                ; 0 LEs                  ; Yes        ; |hangmangame|data_bus_value[4]                ;
; 3:1                ; 11 bits   ; 22 LEs        ; 22 LEs               ; 0 LEs                  ; No         ; |hangmangame|state                            ;
; 3:1                ; 3 bits    ; 6 LEs         ; 6 LEs                ; 0 LEs                  ; No         ; |hangmangame|current_state                    ;
+--------------------+-----------+---------------+----------------------+------------------------+------------+-----------------------------------------------+


+------------------------------------------------------+
; Port Connectivity Checks: "sevenLight:lightcountnum" ;
+------+-------+----------+----------------------------+
; Port ; Type  ; Severity ; Details                    ;
+------+-------+----------+----------------------------+
; n[4] ; Input ; Info     ; Stuck at GND               ;
+------+-------+----------+----------------------------+


+-------------------------------------------------+
; Port Connectivity Checks: "sevenLight:lightnum" ;
+------+-------+----------+-----------------------+
; Port ; Type  ; Severity ; Details               ;
+------+-------+----------+-----------------------+
; n[4] ; Input ; Info     ; Stuck at GND          ;
+------+-------+----------+-----------------------+


+-----------------------------------------------+
; Port Connectivity Checks: "sevenLight:light6" ;
+------+-------+----------+---------------------+
; Port ; Type  ; Severity ; Details             ;
+------+-------+----------+---------------------+
; n[4] ; Input ; Info     ; Stuck at GND        ;
+------+-------+----------+---------------------+


+-----------------------------------------------------+
; Post-Synthesis Netlist Statistics for Top Partition ;
+-----------------------+-----------------------------+
; Type                  ; Count                       ;
+-----------------------+-----------------------------+
; boundary_port         ; 117                         ;
; cycloneiii_ff         ; 372                         ;
;     CLR               ; 4                           ;
;     ENA               ; 163                         ;
;     ENA SCLR          ; 89                          ;
;     ENA SLD           ; 50                          ;
;     SCLR              ; 26                          ;
;     plain             ; 40                          ;
; cycloneiii_io_obuf    ; 8                           ;
; cycloneiii_lcell_comb ; 757                         ;
;     arith             ; 92                          ;
;         2 data inputs ; 90                          ;
;         3 data inputs ; 2                           ;
;     normal            ; 665                         ;
;         0 data inputs ; 2                           ;
;         1 data inputs ; 22                          ;
;         2 data inputs ; 163                         ;
;         3 data inputs ; 161                         ;
;         4 data inputs ; 317                         ;
;                       ;                             ;
; Max LUT depth         ; 9.00                        ;
; Average LUT depth     ; 3.07                        ;
+-----------------------+-----------------------------+


+-------------------------------+
; Elapsed Time Per Partition    ;
+----------------+--------------+
; Partition Name ; Elapsed Time ;
+----------------+--------------+
; Top            ; 00:00:02     ;
+----------------+--------------+


+-------------------------------+
; Analysis & Synthesis Messages ;
+-------------------------------+
Info: *******************************************************************
Info: Running Quartus Prime Analysis & Synthesis
    Info: Version 16.1.1 Build 200 11/30/2016 SJ Lite Edition
    Info: Processing started: Mon Mar 27 20:45:32 2017
Info: Command: quartus_map --read_settings_files=on --write_settings_files=off hangmangame -c hangmangame
Warning (18236): Number of processors has not been specified which may cause overloading on shared machines.  Set the global assignment NUM_PARALLEL_PROCESSORS in your QSF to an appropriate value for best performance.
Info (20030): Parallel compilation is enabled and will use 4 of the 4 processors detected
Info (12021): Found 2 design units, including 1 entities, in source file hangmangame.vhd
    Info (12022): Found design unit 1: hangmangame-try File: H:/My Documents/Desktop/VHDL project(revised)/project/hangmangame.vhd Line: 28
    Info (12023): Found entity 1: hangmangame File: H:/My Documents/Desktop/VHDL project(revised)/project/hangmangame.vhd Line: 6
Info (12021): Found 2 design units, including 1 entities, in source file shiftreg50bit.vhd
    Info (12022): Found design unit 1: shiftreg50bit-rtl File: H:/My Documents/Desktop/VHDL project(revised)/project/shiftreg50bit.vhd Line: 13
    Info (12023): Found entity 1: shiftreg50bit File: H:/My Documents/Desktop/VHDL project(revised)/project/shiftreg50bit.vhd Line: 4
Info (12021): Found 2 design units, including 1 entities, in source file counter4bit.vhd
    Info (12022): Found design unit 1: counter4bit-rtl File: H:/My Documents/Desktop/VHDL project(revised)/project/counter4bit.vhd Line: 10
    Info (12023): Found entity 1: counter4bit File: H:/My Documents/Desktop/VHDL project(revised)/project/counter4bit.vhd Line: 5
Info (12021): Found 2 design units, including 1 entities, in source file sevenlight.vhd
    Info (12022): Found design unit 1: sevenLight-code2 File: H:/My Documents/Desktop/VHDL project(revised)/project/sevenLight.vhd Line: 9
    Info (12023): Found entity 1: sevenLight File: H:/My Documents/Desktop/VHDL project(revised)/project/sevenLight.vhd Line: 3
Info (12021): Found 2 design units, including 1 entities, in source file alphabet.vhd
    Info (12022): Found design unit 1: alphabet-code1 File: H:/My Documents/Desktop/VHDL project(revised)/project/alphabet.vhd Line: 9
    Info (12023): Found entity 1: alphabet File: H:/My Documents/Desktop/VHDL project(revised)/project/alphabet.vhd Line: 3
Info (12127): Elaborating entity "hangmangame" for the top level hierarchy
Warning (10541): VHDL Signal Declaration warning at hangmangame.vhd(38): used implicit default value for signal "reset" because signal was never assigned a value or an explicit default value. Use of implicit default value may introduce unintended design optimizations. File: H:/My Documents/Desktop/VHDL project(revised)/project/hangmangame.vhd Line: 38
Warning (10540): VHDL Signal Declaration warning at hangmangame.vhd(95): used explicit default value for signal "fail" because signal was never assigned a value File: H:/My Documents/Desktop/VHDL project(revised)/project/hangmangame.vhd Line: 95
Warning (10036): Verilog HDL or VHDL warning at hangmangame.vhd(102): object "hitnum_sev" assigned a value but never read File: H:/My Documents/Desktop/VHDL project(revised)/project/hangmangame.vhd Line: 102
Info (12128): Elaborating entity "sevenLight" for hierarchy "sevenLight:light1" File: H:/My Documents/Desktop/VHDL project(revised)/project/hangmangame.vhd Line: 170
Info (12128): Elaborating entity "alphabet" for hierarchy "alphabet:letter0" File: H:/My Documents/Desktop/VHDL project(revised)/project/hangmangame.vhd Line: 178
Info (12128): Elaborating entity "shiftreg50bit" for hierarchy "shiftreg50bit:shift0" File: H:/My Documents/Desktop/VHDL project(revised)/project/hangmangame.vhd Line: 188
Info (276014): Found 10 instances of uninferred RAM logic
    Info (276004): RAM logic "alphabet:letter0|Ram0" is uninferred due to inappropriate RAM size File: H:/My Documents/Desktop/VHDL project(revised)/project/alphabet.vhd Line: 15
    Info (276004): RAM logic "alphabet:letter1|Ram0" is uninferred due to inappropriate RAM size File: H:/My Documents/Desktop/VHDL project(revised)/project/alphabet.vhd Line: 15
    Info (276004): RAM logic "alphabet:letter2|Ram0" is uninferred due to inappropriate RAM size File: H:/My Documents/Desktop/VHDL project(revised)/project/alphabet.vhd Line: 15
    Info (276004): RAM logic "alphabet:letter3|Ram0" is uninferred due to inappropriate RAM size File: H:/My Documents/Desktop/VHDL project(revised)/project/alphabet.vhd Line: 15
    Info (276004): RAM logic "alphabet:letter4|Ram0" is uninferred due to inappropriate RAM size File: H:/My Documents/Desktop/VHDL project(revised)/project/alphabet.vhd Line: 15
    Info (276004): RAM logic "alphabet:letter5|Ram0" is uninferred due to inappropriate RAM size File: H:/My Documents/Desktop/VHDL project(revised)/project/alphabet.vhd Line: 15
    Info (276004): RAM logic "alphabet:letter6|Ram0" is uninferred due to inappropriate RAM size File: H:/My Documents/Desktop/VHDL project(revised)/project/alphabet.vhd Line: 15
    Info (276004): RAM logic "alphabet:letter7|Ram0" is uninferred due to inappropriate RAM size File: H:/My Documents/Desktop/VHDL project(revised)/project/alphabet.vhd Line: 15
    Info (276004): RAM logic "alphabet:letter8|Ram0" is uninferred due to inappropriate RAM size File: H:/My Documents/Desktop/VHDL project(revised)/project/alphabet.vhd Line: 15
    Info (276004): RAM logic "alphabet:letter9|Ram0" is uninferred due to inappropriate RAM size File: H:/My Documents/Desktop/VHDL project(revised)/project/alphabet.vhd Line: 15
Warning (13009): TRI or OPNDRN buffers permanently enabled
    Warning (13010): Node "data_bus[0]" File: H:/My Documents/Desktop/VHDL project(revised)/project/hangmangame.vhd Line: 60
    Warning (13010): Node "data_bus[1]" File: H:/My Documents/Desktop/VHDL project(revised)/project/hangmangame.vhd Line: 60
    Warning (13010): Node "data_bus[2]" File: H:/My Documents/Desktop/VHDL project(revised)/project/hangmangame.vhd Line: 60
    Warning (13010): Node "data_bus[3]" File: H:/My Documents/Desktop/VHDL project(revised)/project/hangmangame.vhd Line: 60
    Warning (13010): Node "data_bus[4]" File: H:/My Documents/Desktop/VHDL project(revised)/project/hangmangame.vhd Line: 60
    Warning (13010): Node "data_bus[5]" File: H:/My Documents/Desktop/VHDL project(revised)/project/hangmangame.vhd Line: 60
    Warning (13010): Node "data_bus[6]" File: H:/My Documents/Desktop/VHDL project(revised)/project/hangmangame.vhd Line: 60
    Warning (13010): Node "data_bus[7]" File: H:/My Documents/Desktop/VHDL project(revised)/project/hangmangame.vhd Line: 60
Warning (13024): Output pins are stuck at VCC or GND
    Warning (13410): Pin "LEDG[4]" is stuck at GND File: H:/My Documents/Desktop/VHDL project(revised)/project/hangmangame.vhd Line: 520
    Warning (13410): Pin "LEDG[5]" is stuck at GND File: H:/My Documents/Desktop/VHDL project(revised)/project/hangmangame.vhd Line: 520
    Warning (13410): Pin "LEDG[6]" is stuck at GND File: H:/My Documents/Desktop/VHDL project(revised)/project/hangmangame.vhd Line: 520
    Warning (13410): Pin "LEDG[7]" is stuck at GND File: H:/My Documents/Desktop/VHDL project(revised)/project/hangmangame.vhd Line: 520
    Warning (13410): Pin "LEDG[8]" is stuck at GND File: H:/My Documents/Desktop/VHDL project(revised)/project/hangmangame.vhd Line: 520
    Warning (13410): Pin "LEDR[1]" is stuck at GND File: H:/My Documents/Desktop/VHDL project(revised)/project/hangmangame.vhd Line: 12
    Warning (13410): Pin "LEDR[3]" is stuck at GND File: H:/My Documents/Desktop/VHDL project(revised)/project/hangmangame.vhd Line: 12
    Warning (13410): Pin "LEDR[4]" is stuck at GND File: H:/My Documents/Desktop/VHDL project(revised)/project/hangmangame.vhd Line: 12
    Warning (13410): Pin "LEDR[5]" is stuck at GND File: H:/My Documents/Desktop/VHDL project(revised)/project/hangmangame.vhd Line: 12
    Warning (13410): Pin "LEDR[6]" is stuck at GND File: H:/My Documents/Desktop/VHDL project(revised)/project/hangmangame.vhd Line: 12
    Warning (13410): Pin "LEDR[7]" is stuck at GND File: H:/My Documents/Desktop/VHDL project(revised)/project/hangmangame.vhd Line: 12
    Warning (13410): Pin "LEDR[8]" is stuck at GND File: H:/My Documents/Desktop/VHDL project(revised)/project/hangmangame.vhd Line: 12
    Warning (13410): Pin "LEDR[9]" is stuck at GND File: H:/My Documents/Desktop/VHDL project(revised)/project/hangmangame.vhd Line: 12
    Warning (13410): Pin "LEDR[10]" is stuck at GND File: H:/My Documents/Desktop/VHDL project(revised)/project/hangmangame.vhd Line: 12
    Warning (13410): Pin "LEDR[11]" is stuck at GND File: H:/My Documents/Desktop/VHDL project(revised)/project/hangmangame.vhd Line: 12
    Warning (13410): Pin "LEDR[12]" is stuck at GND File: H:/My Documents/Desktop/VHDL project(revised)/project/hangmangame.vhd Line: 12
    Warning (13410): Pin "LEDR[13]" is stuck at GND File: H:/My Documents/Desktop/VHDL project(revised)/project/hangmangame.vhd Line: 12
    Warning (13410): Pin "lcd_rw" is stuck at GND File: H:/My Documents/Desktop/VHDL project(revised)/project/hangmangame.vhd Line: 15
    Warning (13410): Pin "lcd_on" is stuck at VCC File: H:/My Documents/Desktop/VHDL project(revised)/project/hangmangame.vhd Line: 16
    Warning (13410): Pin "lcd_blon" is stuck at VCC File: H:/My Documents/Desktop/VHDL project(revised)/project/hangmangame.vhd Line: 17
Info (286030): Timing-Driven Synthesis is running
Info (16010): Generating hard_block partition "hard_block:auto_generated_inst"
    Info (16011): Adding 0 node(s), including 0 DDIO, 0 PLL, 0 transceiver and 0 LCELL
Warning (21074): Design contains 7 input pin(s) that do not drive logic
    Warning (15610): No output dependent on input pin "SW[4]" File: H:/My Documents/Desktop/VHDL project(revised)/project/hangmangame.vhd Line: 9
    Warning (15610): No output dependent on input pin "SW[5]" File: H:/My Documents/Desktop/VHDL project(revised)/project/hangmangame.vhd Line: 9
    Warning (15610): No output dependent on input pin "SW[6]" File: H:/My Documents/Desktop/VHDL project(revised)/project/hangmangame.vhd Line: 9
    Warning (15610): No output dependent on input pin "SW[7]" File: H:/My Documents/Desktop/VHDL project(revised)/project/hangmangame.vhd Line: 9
    Warning (15610): No output dependent on input pin "SW[8]" File: H:/My Documents/Desktop/VHDL project(revised)/project/hangmangame.vhd Line: 9
    Warning (15610): No output dependent on input pin "SW[9]" File: H:/My Documents/Desktop/VHDL project(revised)/project/hangmangame.vhd Line: 9
    Warning (15610): No output dependent on input pin "SW[10]" File: H:/My Documents/Desktop/VHDL project(revised)/project/hangmangame.vhd Line: 9
Info (21057): Implemented 877 device resources after synthesis - the final resource count might be different
    Info (21058): Implemented 21 input pins
    Info (21059): Implemented 88 output pins
    Info (21060): Implemented 8 bidirectional pins
    Info (21061): Implemented 760 logic cells
Info: Quartus Prime Analysis & Synthesis was successful. 0 errors, 42 warnings
    Info: Peak virtual memory: 654 megabytes
    Info: Processing ended: Mon Mar 27 20:45:48 2017
    Info: Elapsed time: 00:00:16
    Info: Total CPU time (on all processors): 00:00:20


